<?xml version="1.0" encoding="UTF-8"?>
<testng-results skipped="0" failed="0" ignored="0" total="1" passed="1">
  <reporter-output>
  </reporter-output>
  <suite name="Surefire suite" duration-ms="207" started-at="2018-05-05T17:46:20Z" finished-at="2018-05-05T17:46:20Z">
    <groups>
    </groups>
    <test name="Surefire test" duration-ms="207" started-at="2018-05-05T17:46:20Z" finished-at="2018-05-05T17:46:20Z">
      <class name="DemoTest_project_2.DemoTest_project_2.AppTest">
        <test-method status="PASS" signature="shouldAnswerWithTrue()" name="shouldAnswerWithTrue" duration-ms="28" started-at="2018-05-05T23:16:20Z" finished-at="2018-05-05T23:16:20Z">
          <reporter-output>
          </reporter-output>
        </test-method> <!-- shouldAnswerWithTrue -->
      </class> <!-- DemoTest_project_2.DemoTest_project_2.AppTest -->
    </test> <!-- Surefire test -->
  </suite> <!-- Surefire suite -->
</testng-results>
