<?xml version="1.0" encoding="UTF-8"?>
<testng-results skipped="0" failed="0" ignored="0" total="1" passed="1">
  <reporter-output>
  </reporter-output>
  <suite name="Surefire suite" duration-ms="54" started-at="2018-06-10T11:50:45Z" finished-at="2018-06-10T11:50:45Z">
    <groups>
    </groups>
    <test name="Surefire test" duration-ms="54" started-at="2018-06-10T11:50:45Z" finished-at="2018-06-10T11:50:45Z">
      <class name="DemoTest_project_2.DemoTest_project_2.AppTest">
        <test-method status="PASS" signature="shouldAnswerWithTrue()" name="shouldAnswerWithTrue" duration-ms="7" started-at="2018-06-10T17:20:45Z" finished-at="2018-06-10T17:20:45Z">
          <reporter-output>
          </reporter-output>
        </test-method> <!-- shouldAnswerWithTrue -->
      </class> <!-- DemoTest_project_2.DemoTest_project_2.AppTest -->
    </test> <!-- Surefire test -->
  </suite> <!-- Surefire suite -->
</testng-results>
