<?xml version="1.0" encoding="UTF-8"?>
<testng-results skipped="0" failed="0" ignored="0" total="1" passed="1">
  <reporter-output>
  </reporter-output>
  <suite name="Default suite" duration-ms="161" started-at="2018-05-05T19:44:47Z" finished-at="2018-05-05T19:44:47Z">
    <groups>
    </groups>
    <test name="Default test" duration-ms="161" started-at="2018-05-05T19:44:47Z" finished-at="2018-05-05T19:44:47Z">
      <class name="DemoTest_project_2.DemoTest_project_2.Sample_Test1">
        <test-method status="PASS" signature="Add()[pri:0, instance:DemoTest_project_2.DemoTest_project_2.Sample_Test1@2669b199]" name="Add" duration-ms="49" started-at="2018-05-06T01:14:47Z" finished-at="2018-05-06T01:14:47Z">
          <reporter-output>
          </reporter-output>
        </test-method> <!-- Add -->
      </class> <!-- DemoTest_project_2.DemoTest_project_2.Sample_Test1 -->
    </test> <!-- Default test -->
  </suite> <!-- Default suite -->
</testng-results>
