<?xml version="1.0" encoding="UTF-8"?>
<testng-results skipped="0" failed="0" ignored="0" total="1" passed="1">
  <reporter-output>
  </reporter-output>
  <suite name="Suite" duration-ms="35" started-at="2018-05-08T17:20:57Z" finished-at="2018-05-08T17:20:57Z">
    <groups>
    </groups>
    <test name="Test" duration-ms="35" started-at="2018-05-08T17:20:57Z" finished-at="2018-05-08T17:20:57Z">
      <class name="com.test.practise.Sample_Test2">
        <test-method status="PASS" signature="sample_M()[pri:0, instance:com.test.practise.Sample_Test2@2669b199]" name="sample_M" duration-ms="12" started-at="2018-05-08T22:50:57Z" finished-at="2018-05-08T22:50:57Z">
          <reporter-output>
          </reporter-output>
        </test-method> <!-- sample_M -->
      </class> <!-- com.test.practise.Sample_Test2 -->
    </test> <!-- Test -->
  </suite> <!-- Suite -->
</testng-results>
